[32m[OK](B[m thunar is already installed. Skipping...
[33m[NOTE](B[m Installing thunar-volman ...
Sync Explicit (1): thunar-volman-4.18.0-2
Sync Explicit (1): thunar-volman-4.18.0-2
resolving dependencies...
resolving dependencies...
looking for conflicting packages...
looking for conflicting packages...

Package (1)          New Version  Net Change  Download Size

extra/thunar-volman  4.18.0-2       0.65 MiB       0.13 MiB

Total Download Size:   0.13 MiB
Total Installed Size:  0.65 MiB

:: Proceed with installation? [Y/n] 
Package (1)          New Version  Net Change  Download Size

extra/thunar-volman  4.18.0-2       0.65 MiB       0.13 MiB

Total Download Size:   0.13 MiB
Total Installed Size:  0.65 MiB

:: Proceed with installation? [Y/n] 
:: Retrieving packages...

:: Retrieving packages...
 thunar-volman-4.18.0-2-x86_64 downloading...
checking keyring...
 thunar-volman-4.18.0-2-x86_64 downloading...
checking keyring...
checking package integrity...
checking package integrity...
loading package files...
loading package files...
checking for file conflicts...
checking for file conflicts...
checking available disk space...
checking available disk space...
:: Processing package changes...
installing thunar-volman...
:: Processing package changes...
installing thunar-volman...
:: Running post-transaction hooks...
(1/3) Arming ConditionNeedsUpdate...
:: Running post-transaction hooks...
(1/3) Arming ConditionNeedsUpdate...
(2/3) Updating icon theme caches...
(2/3) Updating icon theme caches...
(3/3) Updating the desktop file MIME type cache...
(3/3) Updating the desktop file MIME type cache...
[1A[K[32m[OK](B[m thunar-volman was installed.
[32m[OK](B[m tumbler is already installed. Skipping...
[32m[OK](B[m ffmpegthumbnailer is already installed. Skipping...
[33m[NOTE](B[m Installing file-roller ...
Sync Explicit (1): file-roller-44.3-1
Sync Explicit (1): file-roller-44.3-1
resolving dependencies...
resolving dependencies...
looking for conflicting packages...
looking for conflicting packages...

Package (9)                  New Version  Net Change  Download Size

extra/appstream              1.0.3-1       16.35 MiB       2.17 MiB
extra/libadwaita             1:1.5.3-1      4.36 MiB       0.60 MiB
extra/libnautilus-extension  46.2-2         0.24 MiB       0.03 MiB
extra/libportal              0.7.1-3        0.47 MiB       0.08 MiB
extra/libportal-gtk4         0.7.1-3        0.03 MiB       0.01 MiB
extra/libxmlb                0.3.19-1       1.21 MiB       0.15 MiB
extra/libyaml                0.2.5-3        0.18 MiB       0.06 MiB
extra/zip                    3.0-11         0.55 MiB       0.17 MiB
extra/file-roller            44.3-1         4.11 MiB       0.74 MiB

Total Download Size:    3.99 MiB
Total Installed Size:  27.50 MiB

:: Proceed with installation? [Y/n] 
Package (9)                  New Version  Net Change  Download Size

extra/appstream              1.0.3-1       16.35 MiB       2.17 MiB
extra/libadwaita             1:1.5.3-1      4.36 MiB       0.60 MiB
extra/libnautilus-extension  46.2-2         0.24 MiB       0.03 MiB
extra/libportal              0.7.1-3        0.47 MiB       0.08 MiB
extra/libportal-gtk4         0.7.1-3        0.03 MiB       0.01 MiB
extra/libxmlb                0.3.19-1       1.21 MiB       0.15 MiB
extra/libyaml                0.2.5-3        0.18 MiB       0.06 MiB
extra/zip                    3.0-11         0.55 MiB       0.17 MiB
extra/file-roller            44.3-1         4.11 MiB       0.74 MiB

Total Download Size:    3.99 MiB
Total Installed Size:  27.50 MiB

:: Proceed with installation? [Y/n] 
:: Retrieving packages...

:: Retrieving packages...
 appstream-1.0.3-1-x86_64 downloading...
 file-roller-44.3-1-x86_64 downloading...
 libadwaita-1:1.5.3-1-x86_64 downloading...
 zip-3.0-11-x86_64 downloading...
 libxmlb-0.3.19-1-x86_64 downloading...
 libportal-0.7.1-3-x86_64 downloading...
 libyaml-0.2.5-3-x86_64 downloading...
 libnautilus-extension-46.2-2-x86_64 downloading...
 libportal-gtk4-0.7.1-3-x86_64 downloading...
checking keyring...
 appstream-1.0.3-1-x86_64 downloading...
 file-roller-44.3-1-x86_64 downloading...
 libadwaita-1:1.5.3-1-x86_64 downloading...
 zip-3.0-11-x86_64 downloading...
 libxmlb-0.3.19-1-x86_64 downloading...
 libportal-0.7.1-3-x86_64 downloading...
 libyaml-0.2.5-3-x86_64 downloading...
 libnautilus-extension-46.2-2-x86_64 downloading...
 libportal-gtk4-0.7.1-3-x86_64 downloading...
checking keyring...
checking package integrity...
checking package integrity...
loading package files...
loading package files...
checking for file conflicts...
checking for file conflicts...
checking available disk space...
checking available disk space...
:: Processing package changes...
installing libxmlb...
:: Processing package changes...
installing libxmlb...
installing libyaml...
installing libyaml...
installing appstream...
installing appstream...
installing libadwaita...
installing libadwaita...
installing libnautilus-extension...
installing libnautilus-extension...
installing libportal...
installing libportal...
Optional dependencies for libportal
    xdg-desktop-portal: Portal service
installing libportal-gtk4...
Optional dependencies for libportal
    xdg-desktop-portal: Portal service
installing libportal-gtk4...
installing zip...
installing zip...
installing file-roller...
installing file-roller...
Optional dependencies for file-roller
    lrzip: lrzip archive support
    p7zip: 7z, arj, exe and encrypted zip files support
    squashfs-tools: squashfs image support
    unace: ACE archive support
    unrar: better RAR archive support
Optional dependencies for file-roller
    lrzip: lrzip archive support
    p7zip: 7z, arj, exe and encrypted zip files support
    squashfs-tools: squashfs image support
    unace: ACE archive support
    unrar: better RAR archive support
:: Running post-transaction hooks...
(1/5) Arming ConditionNeedsUpdate...
:: Running post-transaction hooks...
(1/5) Arming ConditionNeedsUpdate...
(2/5) Updating the appstream cache...
(2/5) Updating the appstream cache...
✔ Metadata cache was updated successfully.
✔ Metadata cache was updated successfully.
(3/5) Compiling GSettings XML schema files...
(3/5) Compiling GSettings XML schema files...
(4/5) Updating icon theme caches...
(4/5) Updating icon theme caches...
(5/5) Updating the desktop file MIME type cache...
(5/5) Updating the desktop file MIME type cache...
[1A[K[32m[OK](B[m file-roller was installed.
[32m[OK](B[m thunar-archive-plugin is already installed. Skipping...
[33m[NOTE](B[m Config for gtk-3.0 found, no need to copy.
[33m[NOTE](B[m Config for Thunar found, no need to copy.
[33m[NOTE](B[m Config for xfce4 found, no need to copy.
