[33m[NOTE](B[m Installing qt6-5compat ...
Sync Explicit (1): qt6-5compat-6.7.2-1
Sync Explicit (1): qt6-5compat-6.7.2-1
resolving dependencies...
resolving dependencies...
looking for conflicting packages...
looking for conflicting packages...

Package (2)            New Version  Net Change  Download Size

extra/qt6-shadertools  6.7.2-1        4.45 MiB       1.46 MiB
extra/qt6-5compat      6.7.2-1        1.62 MiB       0.44 MiB

Total Download Size:   1.90 MiB
Total Installed Size:  6.07 MiB

:: Proceed with installation? [Y/n] 
Package (2)            New Version  Net Change  Download Size

extra/qt6-shadertools  6.7.2-1        4.45 MiB       1.46 MiB
extra/qt6-5compat      6.7.2-1        1.62 MiB       0.44 MiB

Total Download Size:   1.90 MiB
Total Installed Size:  6.07 MiB

:: Proceed with installation? [Y/n] 
:: Retrieving packages...

:: Retrieving packages...
 qt6-shadertools-6.7.2-1-x86_64 downloading...
 qt6-5compat-6.7.2-1-x86_64 downloading...
checking keyring...
 qt6-shadertools-6.7.2-1-x86_64 downloading...
 qt6-5compat-6.7.2-1-x86_64 downloading...
checking keyring...
checking package integrity...
checking package integrity...
loading package files...
loading package files...
checking for file conflicts...
checking for file conflicts...
checking available disk space...
checking available disk space...
:: Processing package changes...
installing qt6-shadertools...
:: Processing package changes...
installing qt6-shadertools...
installing qt6-5compat...
installing qt6-5compat...
Optional dependencies for qt6-5compat
    qt6-declarative: for QtGraphicalEffects [installed]
Optional dependencies for qt6-5compat
    qt6-declarative: for QtGraphicalEffects [installed]
:: Running post-transaction hooks...
(1/1) Arming ConditionNeedsUpdate...
:: Running post-transaction hooks...
(1/1) Arming ConditionNeedsUpdate...
[1A[K[32m[OK](B[m qt6-5compat was installed.
[32m[OK](B[m qt6-declarative is already installed. Skipping...
[32m[OK](B[m qt6-svg is already installed. Skipping...
[32m[OK](B[m sddm is already installed. Skipping...
[Theme]
Current=simple-sddm-2
