[32m[OK](B[m adobe-source-code-pro-fonts is already installed. Skipping...
[32m[OK](B[m noto-fonts-emoji is already installed. Skipping...
[33m[NOTE](B[m Installing otf-font-awesome ...
Sync Explicit (1): otf-font-awesome-6.6.0-1
Sync Explicit (1): otf-font-awesome-6.6.0-1
resolving dependencies...
resolving dependencies...
looking for conflicting packages...
looking for conflicting packages...

Package (1)             New Version  Net Change  Download Size

extra/otf-font-awesome  6.6.0-1        1.72 MiB       0.53 MiB

Total Download Size:   0.53 MiB
Total Installed Size:  1.72 MiB

:: Proceed with installation? [Y/n] 
Package (1)             New Version  Net Change  Download Size

extra/otf-font-awesome  6.6.0-1        1.72 MiB       0.53 MiB

Total Download Size:   0.53 MiB
Total Installed Size:  1.72 MiB

:: Proceed with installation? [Y/n] 
:: Retrieving packages...

:: Retrieving packages...
 otf-font-awesome-6.6.0-1-any downloading...
checking keyring...
 otf-font-awesome-6.6.0-1-any downloading...
checking keyring...
checking package integrity...
checking package integrity...
loading package files...
loading package files...
checking for file conflicts...
checking available disk space...
checking for file conflicts...
checking available disk space...
:: Processing package changes...
installing otf-font-awesome...
:: Processing package changes...
installing otf-font-awesome...
:: Running post-transaction hooks...
(1/2) Arming ConditionNeedsUpdate...
:: Running post-transaction hooks...
(1/2) Arming ConditionNeedsUpdate...
(2/2) Updating fontconfig cache...
(2/2) Updating fontconfig cache...
[1A[K[32m[OK](B[m otf-font-awesome was installed.
[33m[NOTE](B[m Installing ttf-droid ...
Sync Explicit (1): ttf-droid-20121017-11
Sync Explicit (1): ttf-droid-20121017-11
resolving dependencies...
resolving dependencies...
looking for conflicting packages...
looking for conflicting packages...

Package (1)      New Version  Net Change  Download Size

extra/ttf-droid  20121017-11   15.31 MiB       3.93 MiB

Total Download Size:    3.93 MiB
Total Installed Size:  15.31 MiB

:: Proceed with installation? [Y/n] 
Package (1)      New Version  Net Change  Download Size

extra/ttf-droid  20121017-11   15.31 MiB       3.93 MiB

Total Download Size:    3.93 MiB
Total Installed Size:  15.31 MiB

:: Proceed with installation? [Y/n] 
:: Retrieving packages...

:: Retrieving packages...
 ttf-droid-20121017-11-any downloading...
checking keyring...
 ttf-droid-20121017-11-any downloading...
checking keyring...
checking package integrity...
checking package integrity...
loading package files...
loading package files...
checking for file conflicts...
checking for file conflicts...
checking available disk space...
checking available disk space...
:: Processing package changes...
installing ttf-droid...
:: Processing package changes...
installing ttf-droid...
:: Running post-transaction hooks...
(1/3) Arming ConditionNeedsUpdate...
:: Running post-transaction hooks...
(1/3) Arming ConditionNeedsUpdate...
(2/3) Updating fontconfig configuration...
(2/3) Updating fontconfig configuration...
(3/3) Updating fontconfig cache...
(3/3) Updating fontconfig cache...
[1A[K[32m[OK](B[m ttf-droid was installed.
[33m[NOTE](B[m Installing ttf-fira-code ...
Sync Explicit (1): ttf-fira-code-6.2-2
Sync Explicit (1): ttf-fira-code-6.2-2
resolving dependencies...
resolving dependencies...
looking for conflicting packages...
looking for conflicting packages...

Package (1)          New Version  Net Change  Download Size

extra/ttf-fira-code  6.2-2          1.69 MiB       0.41 MiB

Total Download Size:   0.41 MiB
Total Installed Size:  1.69 MiB

:: Proceed with installation? [Y/n] 
Package (1)          New Version  Net Change  Download Size

extra/ttf-fira-code  6.2-2          1.69 MiB       0.41 MiB

Total Download Size:   0.41 MiB
Total Installed Size:  1.69 MiB

:: Proceed with installation? [Y/n] 
:: Retrieving packages...

:: Retrieving packages...
 ttf-fira-code-6.2-2-any downloading...
checking keyring...
 ttf-fira-code-6.2-2-any downloading...
checking keyring...
checking package integrity...
checking package integrity...
loading package files...
loading package files...
checking for file conflicts...
checking available disk space...
checking for file conflicts...
checking available disk space...
:: Processing package changes...
installing ttf-fira-code...
:: Processing package changes...
installing ttf-fira-code...
:: Running post-transaction hooks...
(1/2) Arming ConditionNeedsUpdate...
:: Running post-transaction hooks...
(1/2) Arming ConditionNeedsUpdate...
(2/2) Updating fontconfig cache...
(2/2) Updating fontconfig cache...
[1A[K[32m[OK](B[m ttf-fira-code was installed.
[32m[OK](B[m ttf-jetbrains-mono is already installed. Skipping...
[32m[OK](B[m ttf-jetbrains-mono-nerd is already installed. Skipping...
